11-22-2024 22:08-debug: Start record console... {file(D:\PA\IceBear_PA_2024\3D\HexaSort_FullProject\HexaSort_FullProject\temp\builder\log\web-mobile11-22-2024 22-08.log)}
11-22-2024 22:08-debug: Build with Cocos Creator 3.4.2
11-22-2024 22:08-debug: cocos-service:(onBeforeBuild) start...0%
11-22-2024 22:08-debug: =================================== Build Task (web-mobile) Start ================================
11-22-2024 22:08-debug: Start build task, options:{"name":"MergeRobo","platform":"web-mobile","buildPath":"project://build","debug":false,"md5Cache":false,"sourceMaps":false,"replaceSplashScreen":false,"mainBundleCompressionType":"merge_dep","mainBundleIsRemote":false,"mergeStartScene":false,"experimentalEraseModules":false,"compressTexture":true,"packAutoAtlas":true,"startScene":"8f72cef1-e7b5-4506-976d-1d8b50e791e4","scenes":[{"url":"db://assets/Scene/scene.scene","uuid":"8f72cef1-e7b5-4506-976d-1d8b50e791e4","inBundle":false}],"outputName":"web-mobile","packages":{"web-mobile":{"orientation":"auto","polyfills":{"asyncFunctions":true}},"cocos-service":{"configID":"aa8ef9","services":[]},"super-html":null}}
11-22-2024 22:08-debug: // ---- cocos-service:(onBeforeBuild) ----
11-22-2024 22:08-debug: Process: heapTotal 208.09MB heapUsed 199.28MB rss 471.36MB
11-22-2024 22:08-debug: // ---- cocos-service:(onBeforeBuild) success ----
11-22-2024 22:08-debug: cocos-service:(onBeforeBuild)3%
11-22-2024 22:08-debug: Query all assets info in project
11-22-2024 22:08-debug: init custom config: keepNodeUuid: false, useCache: true
11-22-2024 22:08-debug: BuildAssetLibrary query-assets with assets 382
11-22-2024 22:08-debug: BuildAssetLibrary initialized with asset 636!
11-22-2024 22:08-debug:   Number of all scenes: 1
11-22-2024 22:08-debug:   Number of all scripts: 16
11-22-2024 22:08-debug:   Number of other assets: 825
11-22-2024 22:08-debug: web-mobile:(onAfterInit) start...3%
11-22-2024 22:08-debug: Process: heapTotal 208.52MB heapUsed 200.74MB rss 473.44MB
11-22-2024 22:08-debug: // ---- web-mobile:(onAfterInit) success ----
11-22-2024 22:08-debug: web-mobile:(onAfterInit)5%
11-22-2024 22:08-debug: Reload project scripts start5%
11-22-2024 22:08-log: // ---- Reload project scripts ----
11-22-2024 22:08-debug: Process: heapTotal 208.52MB heapUsed 200.78MB rss 473.48MB
11-22-2024 22:08-debug: reload all scripts.
11-22-2024 22:08-debug: // ---- web-mobile:(onAfterInit) ----
11-22-2024 22:08-debug: Incremental keys: 
11-22-2024 22:08-debug: Unregister Singleton
11-22-2024 22:08-debug: Unregister SoundController
11-22-2024 22:08-debug: Unregister GameController
11-22-2024 22:08-debug: Unregister BrickController
11-22-2024 22:08-debug: Unregister UIGameController
11-22-2024 22:08-debug: Unregister GamePlay
11-22-2024 22:08-debug: Unregister AutoSpawnBricks
11-22-2024 22:08-debug: Unregister HideMask
11-22-2024 22:08-debug: Unregister EnablePhysics
11-22-2024 22:08-debug: Invalidating 'pack:///mods/cce/internal/x/prerequisite-imports.js'
11-22-2024 22:08-debug: Unregister Responsive
11-22-2024 22:08-debug: Invalidating 'pack:///mods/cce/internal/x/cc.js'
11-22-2024 22:08-debug: Invalidating 'pack:///mods/cce/internal/code-quality/cr.js'
11-22-2024 22:08-debug: Invalidating 'pack:///mods/fs/0/assets/Scripts/AdHelper/IronSource.js'
11-22-2024 22:08-debug: Invalidating 'pack:///mods/fs/0/assets/Scripts/Controller/SoundController.js'
11-22-2024 22:08-debug: Unregister BricksUI
11-22-2024 22:08-debug: Invalidating 'pack:///mods/fs/0/assets/Scripts/Const/CONST.js'
11-22-2024 22:08-debug: Invalidating 'pack:///mods/fs/0/assets/Scripts/Utils/Singleton.js'
11-22-2024 22:08-debug: Invalidating 'pack:///mods/fs/0/assets/Scripts/Controller/BrickController.js'
11-22-2024 22:08-debug: Invalidating 'pack:///mods/fs/0/assets/Scripts/Controller/UIGameController.js'
11-22-2024 22:08-debug: Invalidating 'pack:///mods/fs/0/assets/Scripts/Const/GameInfo.js'
11-22-2024 22:08-debug: Invalidating 'pack:///mods/fs/0/assets/Scripts/GamePlay/AutoSpawnBricks.js'
11-22-2024 22:08-debug: Invalidating 'pack:///mods/fs/0/assets/Scripts/Controller/GameController.js'
11-22-2024 22:08-debug: Invalidating 'pack:///mods/fs/0/assets/Scripts/GamePlay/GamePlay.js'
11-22-2024 22:08-debug: Invalidating 'pack:///mods/fs/0/assets/Scripts/GamePlay/BricksUI.js'
11-22-2024 22:08-debug: Invalidating 'pack:///mods/fs/0/assets/Scripts/Others/HandleLogicGamePlay.js'
11-22-2024 22:08-debug: Invalidating 'pack:///mods/fs/0/assets/Scripts/Utils/Utility.js'
11-22-2024 22:08-debug: Invalidating 'pack:///mods/fs/0/assets/Scripts/GamePlay/HideMask.js'
11-22-2024 22:08-debug: [[Executor]] Module "pack:///mods/cce/internal/x/prerequisite-imports.js" loaded.
11-22-2024 22:08-debug: Invalidating 'pack:///mods/fs/0/assets/Scripts/Utils/EnablePhysics.js'
11-22-2024 22:08-debug: Invalidating 'pack:///mods/fs/0/assets/Scripts/Utils/Responsive.js'
11-22-2024 22:08-debug: [[Executor]] Module "pack:///mods/cce/internal/code-quality/cr.js" loaded.
11-22-2024 22:08-debug: [[Executor]] Module "pack:///mods/fs/0/assets/Scripts/Const/CONST.js" loaded.
11-22-2024 22:08-debug: [[Executor]] Module "pack:///mods/cce/internal/x/cc.js" loaded.
11-22-2024 22:08-debug: [[Executor]] Module "pack:///mods/fs/0/assets/Scripts/Utils/Singleton.js" loaded.
11-22-2024 22:08-debug: [[Executor]] Module "pack:///mods/fs/0/assets/Scripts/Controller/SoundController.js" loaded.
11-22-2024 22:08-debug: [[Executor]] Register Singleton
11-22-2024 22:08-debug: [[Executor]] Register SoundController
11-22-2024 22:08-debug: [[Executor]] Module "pack:///mods/fs/0/assets/Scripts/Const/GameInfo.js" loaded.
11-22-2024 22:08-debug: [[Executor]] Module "pack:///mods/fs/0/assets/Scripts/AdHelper/IronSource.js" loaded.
11-22-2024 22:08-debug: [[Executor]] Module "pack:///mods/fs/0/assets/Scripts/Controller/BrickController.js" loaded.
11-22-2024 22:08-debug: [[Executor]] Module "pack:///mods/fs/0/assets/Scripts/Controller/GameController.js" loaded.
11-22-2024 22:08-debug: [[Executor]] Register UIGameController
11-22-2024 22:08-debug: [[Executor]] Module "pack:///mods/fs/0/assets/Scripts/Controller/UIGameController.js" loaded.
11-22-2024 22:08-debug: [[Executor]] Register BrickController
11-22-2024 22:08-debug: [[Executor]] Module "pack:///mods/fs/0/assets/Scripts/GamePlay/AutoSpawnBricks.js" loaded.
11-22-2024 22:08-debug: [[Executor]] Register BricksUI
11-22-2024 22:08-debug: [[Executor]] Register GameController
11-22-2024 22:08-debug: [[Executor]] Module "pack:///mods/fs/0/assets/Scripts/GamePlay/BricksUI.js" loaded.
11-22-2024 22:08-debug: [[Executor]] Register GamePlay
11-22-2024 22:08-debug: [[Executor]] Module "pack:///mods/fs/0/assets/Scripts/GamePlay/GamePlay.js" loaded.
11-22-2024 22:08-debug: [[Executor]] Register AutoSpawnBricks
11-22-2024 22:08-debug: [[Executor]] Module "pack:///mods/fs/0/assets/Scripts/Utils/Utility.js" loaded.
11-22-2024 22:08-debug: [[Executor]] Module "pack:///mods/fs/0/assets/Scripts/GamePlay/HideMask.js" loaded.
11-22-2024 22:08-debug: [[Executor]] Module "pack:///mods/fs/0/assets/Scripts/Others/HandleLogicGamePlay.js" loaded.
11-22-2024 22:08-debug: [[Executor]] Module "pack:///mods/fs/0/assets/Scripts/Utils/EnablePhysics.js" loaded.
11-22-2024 22:08-debug: [[Executor]] Register EnablePhysics
11-22-2024 22:08-debug: [[Executor]] Register HideMask
11-22-2024 22:08-debug: [[Executor]] Register Responsive
11-22-2024 22:08-debug: [[Executor]] Module "pack:///mods/fs/0/assets/Scripts/Utils/Responsive.js" loaded.
11-22-2024 22:08-debug: [[Executor]] Module "pack:///mods/cce/internal/x/prerequisite-imports.js" loaded.
11-22-2024 22:08-debug: Reload project scripts √6%
11-22-2024 22:08-debug: Process: heapTotal 208.52MB heapUsed 201.42MB rss 473.07MB
11-22-2024 22:08-log: // ---- Query asset bundle ----
11-22-2024 22:08-debug: Query asset bundle start6%
11-22-2024 22:08-debug: Query asset bundle √8%
11-22-2024 22:08-debug: Query and organize assets start8%
11-22-2024 22:08-log: // ---- Query and organize assets ----
11-22-2024 22:08-debug: Process: heapTotal 208.52MB heapUsed 201.50MB rss 473.14MB
11-22-2024 22:08-debug: Number of scenes: 1
11-22-2024 22:08-debug: Number of assets: 16
11-22-2024 22:08-debug: Number of asset bundle: 1
11-22-2024 22:08-debug: Query and organize assets √9%
11-22-2024 22:08-debug: Process: heapTotal 208.52MB heapUsed 201.37MB rss 472.90MB
11-22-2024 22:08-debug: Organize scripts start9%
11-22-2024 22:08-log: // ---- Organize scripts ----
11-22-2024 22:08-debug: Organize texture compression tasks start10%
11-22-2024 22:08-log: // ---- Organize texture compression tasks ----
11-22-2024 22:08-debug: Organize scripts √10%
11-22-2024 22:08-debug: Process: heapTotal 208.52MB heapUsed 201.40MB rss 472.93MB
11-22-2024 22:08-debug: sort script group...
11-22-2024 22:08-debug: Organize texture compression tasks √11%
11-22-2024 22:08-debug: Number of image-compress task: 0
11-22-2024 22:08-log: // ---- Group json ----
11-22-2024 22:08-debug: Process: heapTotal 208.52MB heapUsed 201.43MB rss 472.96MB
11-22-2024 22:08-debug: Number of json group: 1
11-22-2024 22:08-debug: Group json √12%
11-22-2024 22:08-debug: Merging Texture2D json start12%
11-22-2024 22:08-log: // ---- Merging Texture2D json ----
11-22-2024 22:08-debug: Process: heapTotal 208.52MB heapUsed 201.47MB rss 473.00MB
11-22-2024 22:08-debug: Group json start11%
11-22-2024 22:08-debug: Merging Texture2D json √14%
11-22-2024 22:08-debug: Process: heapTotal 208.52MB heapUsed 201.48MB rss 473.02MB
11-22-2024 22:08-debug:  √15%
11-22-2024 22:08-debug: web-mobile:(onBeforeBuildAssets) start...15%
11-22-2024 22:08-debug: // ---- web-mobile:(onBeforeBuildAssets) ----
11-22-2024 22:08-debug: Process: heapTotal 208.52MB heapUsed 201.51MB rss 473.05MB
11-22-2024 22:08-debug:  start14%
11-22-2024 22:08-debug: web-mobile:(onBeforeBuildAssets)18%
11-22-2024 22:08-debug: // ---- web-mobile:(onBeforeBuildAssets) success ----
11-22-2024 22:08-log: // ----  ----
11-22-2024 22:08-log: // ----  ----
11-22-2024 22:08-debug: Process: heapTotal 208.52MB heapUsed 201.55MB rss 473.09MB
11-22-2024 22:08-debug:  start18%
11-22-2024 22:08-debug: Build script18%
11-22-2024 22:08-debug: Process: heapTotal 235.52MB heapUsed 213.27MB rss 499.97MB
11-22-2024 22:08-warn: [[Build.Script.Rollup]] Circular dependency: file:///D:/PA/IceBear_PA_2024/3D/HexaSort_FullProject/HexaSort_FullProject/assets/Scripts/Controller/SoundController.ts -> file:///D:/PA/IceBear_PA_2024/3D/HexaSort_FullProject/HexaSort_FullProject/assets/Scripts/AdHelper/IronSource.ts -> file:///D:/PA/IceBear_PA_2024/3D/HexaSort_FullProject/HexaSort_FullProject/assets/Scripts/Controller/SoundController.ts
11-22-2024 22:08-debug: Copy externalScripts success!
11-22-2024 22:08-debug: Build engine18%
11-22-2024 22:08-debug: Process: heapTotal 240.59MB heapUsed 222.08MB rss 503.95MB
11-22-2024 22:08-debug: Build script√18%
11-22-2024 22:08-debug: Use cache engine: {link(C:\Users\PCGM~1\AppData\Local\Temp\CocosCreator\3.4.2\builder\engine\d61de2d15a24e0041b9d82ef84a52061)}
11-22-2024 22:08-debug: {"debug":false,"sourceMaps":false,"includeModules":["2d","3d","audio","base","dragon-bones","gfx-webgl","gfx-webgl2","intersection-2d","marionette","particle","particle-2d","physics-2d-box2d","physics-cannon","primitive","profiler","spine","terrain","tiled-map","tween","ui","video","webview"],"engineVersion":"3.4.2","platform":"HTML5","md5Map":[],"engineName":"cocos-js","useCache":true,"split":false,"ammoJsWasm":"fallback","assetURLFormat":"runtime-resolved","entry":"C:\\ProgramData\\cocos\\editors\\Creator\\3.4.2\\resources\\resources\\3d\\engine"}
11-22-2024 22:08-debug: Build engine√18%
11-22-2024 22:08-debug:  √24%
11-22-2024 22:08-log: // ---- Build auto-atlas ----
11-22-2024 22:08-debug: Build auto-atlas start24%
11-22-2024 22:08-debug: Process: heapTotal 242.59MB heapUsed 221.28MB rss 506.19MB
11-22-2024 22:08-debug: Build auto-atlas √31%
11-22-2024 22:08-debug: Compress Image start31%
11-22-2024 22:08-log: // ---- Compress Image ----
11-22-2024 22:08-debug: Copy the resource start37%
11-22-2024 22:08-debug: Process: heapTotal 242.59MB heapUsed 221.31MB rss 506.19MB
11-22-2024 22:08-debug: Compress Image √37%
11-22-2024 22:08-debug: Process: heapTotal 242.59MB heapUsed 221.33MB rss 506.20MB
11-22-2024 22:08-log: // ---- Copy the resource ----
11-22-2024 22:08-debug: Asset Bundle(main) handle assets: 16
11-22-2024 22:08-debug: Copy the resource √44%
11-22-2024 22:08-debug: Build the grouped json and scatter files to the specified location start44%
11-22-2024 22:08-log: // ---- Build the grouped json and scatter files to the specified location ----
11-22-2024 22:08-debug: Process: heapTotal 242.59MB heapUsed 221.83MB rss 506.20MB
11-22-2024 22:08-debug: Json group(build-task/json) compile success，json number: 6
11-22-2024 22:08-debug: Build the grouped json and scatter files to the specified location √51%
11-22-2024 22:08-log: // ---- Compress zip bundle ----
11-22-2024 22:08-debug: Process: heapTotal 242.59MB heapUsed 222.59MB rss 506.32MB
11-22-2024 22:08-debug: Compress zip bundle √57%
11-22-2024 22:08-debug: Add md5 suffix to assets start57%
11-22-2024 22:08-log: // ---- Add md5 suffix to assets ----
11-22-2024 22:08-debug: Process: heapTotal 242.59MB heapUsed 222.63MB rss 506.32MB
11-22-2024 22:08-debug: Init settings and config start68%
11-22-2024 22:08-log: // ---- Init settings and config ----
11-22-2024 22:08-debug: Process: heapTotal 242.59MB heapUsed 222.64MB rss 506.32MB
11-22-2024 22:08-debug: Init settings and config √68%
11-22-2024 22:08-debug: tasks.settings.macro does not defined in i18n
11-22-2024 22:08-debug: tasks.settings.macro start68%
11-22-2024 22:08-log: // ---- tasks.settings.macro ----
11-22-2024 22:08-debug: Process: heapTotal 242.59MB heapUsed 222.67MB rss 506.33MB
11-22-2024 22:08-debug: Compress zip bundle start51%
11-22-2024 22:08-debug: Add md5 suffix to assets √68%
11-22-2024 22:08-debug: tasks.settings.macro √69%
11-22-2024 22:08-debug: Use cached settings start69%
11-22-2024 22:08-log: // ---- Use cached settings ----
11-22-2024 22:08-debug: Process: heapTotal 242.59MB heapUsed 222.73MB rss 506.33MB
11-22-2024 22:08-debug: Use cached settings √69%
11-22-2024 22:08-debug: custom joint texture layouts start69%
11-22-2024 22:08-log: // ---- custom joint texture layouts ----
11-22-2024 22:08-debug: Process: heapTotal 242.59MB heapUsed 222.79MB rss 506.36MB
11-22-2024 22:08-debug: custom joint texture layouts √70%
11-22-2024 22:08-debug: custom joint physics start70%
11-22-2024 22:08-debug: Process: heapTotal 242.59MB heapUsed 222.82MB rss 506.36MB
11-22-2024 22:08-debug: custom joint physics √70%
11-22-2024 22:08-log: // ---- custom joint physics ----
11-22-2024 22:08-debug: Fill script data to settings start70%
11-22-2024 22:08-log: // ---- Fill script data to settings ----
11-22-2024 22:08-debug: Process: heapTotal 242.59MB heapUsed 222.84MB rss 506.36MB
11-22-2024 22:08-debug: Fill scene data to settings start71%
11-22-2024 22:08-debug: Process: heapTotal 242.59MB heapUsed 222.86MB rss 506.37MB
11-22-2024 22:08-debug: Fill script data to settings √71%
11-22-2024 22:08-debug: Organize assets groups，generate packedAssets and rawAssets data start71%
11-22-2024 22:08-log: // ---- Organize assets groups，generate packedAssets and rawAssets data ----
11-22-2024 22:08-debug: Fill scene data to settings √71%
11-22-2024 22:08-debug: Process: heapTotal 242.59MB heapUsed 222.88MB rss 506.37MB
11-22-2024 22:08-debug: Generate md5AssetsMap from suffixMap to settings start72%
11-22-2024 22:08-debug: Organize assets groups，generate packedAssets and rawAssets data √72%
11-22-2024 22:08-debug: Process: heapTotal 242.59MB heapUsed 222.90MB rss 506.38MB
11-22-2024 22:08-log: // ---- Fill scene data to settings ----
11-22-2024 22:08-log: // ---- Generate md5AssetsMap from suffixMap to settings ----
11-22-2024 22:08-debug: Generate md5AssetsMap from suffixMap to settings √72%
11-22-2024 22:08-debug: web-mobile:(onBeforeCompressSettings) start...72%
11-22-2024 22:08-debug: options.md5Cache is false.
11-22-2024 22:08-debug: // ---- web-mobile:(onBeforeCompressSettings) ----
11-22-2024 22:08-debug: // ---- web-mobile:(onBeforeCompressSettings) success ----
11-22-2024 22:08-debug: web-mobile:(onBeforeCompressSettings)75%
11-22-2024 22:08-debug: cocos-service:(onBeforeCompressSettings) start...75%
11-22-2024 22:08-debug: // ---- cocos-service:(onBeforeCompressSettings) ----
11-22-2024 22:08-debug: Process: heapTotal 242.59MB heapUsed 222.95MB rss 506.39MB
11-22-2024 22:08-debug: Process: heapTotal 242.59MB heapUsed 222.93MB rss 506.38MB
11-22-2024 22:08-debug: // ---- cocos-service:(onBeforeCompressSettings) success ----
11-22-2024 22:08-debug: cocos-service:(onBeforeCompressSettings)77%
11-22-2024 22:08-debug:  start77%
11-22-2024 22:08-log: // ----  ----
11-22-2024 22:08-debug: Process: heapTotal 242.59MB heapUsed 223.06MB rss 506.39MB
11-22-2024 22:08-debug:  √78%
11-22-2024 22:08-debug: Compress settings.json and config.json start78%
11-22-2024 22:08-log: // ---- Compress settings.json and config.json ----
11-22-2024 22:08-debug: Compress settings.json and config.json √79%
11-22-2024 22:08-debug: Process: heapTotal 242.59MB heapUsed 223.09MB rss 506.39MB
11-22-2024 22:08-debug: Process: heapTotal 242.59MB heapUsed 223.12MB rss 506.41MB
11-22-2024 22:08-debug: Save config.json start79%
11-22-2024 22:08-log: // ---- Save config.json ----
11-22-2024 22:08-debug: Save Settings.json start80%
11-22-2024 22:08-log: // ---- Save Settings.json ----
11-22-2024 22:08-debug: Process: heapTotal 242.59MB heapUsed 223.14MB rss 506.41MB
11-22-2024 22:08-debug: Sort build template start81%
11-22-2024 22:08-log: // ---- Sort build template ----
11-22-2024 22:08-debug: Process: heapTotal 242.59MB heapUsed 223.27MB rss 506.41MB
11-22-2024 22:08-debug: Save config.json √80%
11-22-2024 22:08-debug: Save Settings.json √81%
11-22-2024 22:08-debug: cocos-service:(onAfterCompressSettings) start...82%
11-22-2024 22:08-debug: // ---- cocos-service:(onAfterCompressSettings) ----
11-22-2024 22:08-debug: Process: heapTotal 244.09MB heapUsed 221.65MB rss 509.31MB
11-22-2024 22:08-debug: Sort build template √82%
11-22-2024 22:08-debug: // ---- cocos-service:(onAfterCompressSettings) success ----
11-22-2024 22:08-debug: cocos-service:(onAfterCompressSettings)85%
11-22-2024 22:08-debug: web-mobile:(onAfterBuild) start...85%
11-22-2024 22:08-debug: // ---- web-mobile:(onAfterBuild) ----
11-22-2024 22:08-debug: Process: heapTotal 244.09MB heapUsed 221.89MB rss 507.89MB
11-22-2024 22:08-debug: web-mobile:(onAfterBuild)87%
11-22-2024 22:08-debug: // ---- web-mobile:(onAfterBuild) success ----
11-22-2024 22:08-debug: Use build-template {link(D:\PA\IceBear_PA_2024\3D\HexaSort_FullProject\HexaSort_FullProject\build-templates\web-mobile)}.
11-22-2024 22:08-debug: Process: heapTotal 244.09MB heapUsed 223.96MB rss 507.74MB
11-22-2024 22:08-debug: // ---- cocos-service:(onAfterBuild) ----
11-22-2024 22:08-debug: cocos-service:(onAfterBuild) start...87%
11-22-2024 22:08-debug: // ---- cocos-service:(onAfterBuild) success ----
11-22-2024 22:08-debug: super-html:(onAfterBuild) start...90%
11-22-2024 22:08-debug: Process: heapTotal 244.09MB heapUsed 224.02MB rss 507.74MB
11-22-2024 22:08-log: super-html : -- start --
11-22-2024 22:08-debug: // ---- super-html:(onAfterBuild) ----
11-22-2024 22:08-debug: cocos-service:(onAfterBuild)90%
11-22-2024 22:08-log: super-html : engine version 3.4.2
11-22-2024 22:08-log: task config{"l_custom_script":["D:\\PA\\IceBear_PA_2024\\3D\\HexaSort_FullProject\\HexaSort_FullProject\\extensions\\super-html\\dist\\custom_script\\34x\\custom-34x.js","D:\\PA\\IceBear_PA_2024\\3D\\HexaSort_FullProject\\HexaSort_FullProject\\extensions\\super-html\\dist\\custom_script\\34x\\index-34x.js"],"path_input_dir":"D:\\PA\\IceBear_PA_2024\\3D\\HexaSort_FullProject\\HexaSort_FullProject\\build\\web-mobile","path_html":"D:\\PA\\IceBear_PA_2024\\3D\\HexaSort_FullProject\\HexaSort_FullProject\\build\\web-mobile\\index.html","path_out_file":"D:\\PA\\IceBear_PA_2024\\3D\\HexaSort_FullProject\\HexaSort_FullProject\\build\\index.html","enable_obfuscator":true,"max_size":2097152}
11-22-2024 22:08-debug: super-html:(onAfterBuild)93%
11-22-2024 22:08-debug: build success in 7559 ms!
11-22-2024 22:08-log: super-html : file count 24
11-22-2024 22:08-debug: // ---- super-html:(onAfterBuild) success ----
11-22-2024 22:08-debug: Stop record console. {file(D:\PA\IceBear_PA_2024\3D\HexaSort_FullProject\HexaSort_FullProject\temp\builder\log\web-mobile11-22-2024 22-08.log)}
